[2025-08-17 09:01:49] [INFO ] Loading configuration from: ordr.fm.conf
[2025-08-17 09:01:49] [INFO ] --- ordr.fm Script Started ---
[2025-08-17 09:01:49] [INFO ] Configuration:
[2025-08-17 09:01:49] [INFO ]   Source Directory: .
[2025-08-17 09:01:49] [INFO ]   Destination Directory: /home/plex/Music/sorted_music
[2025-08-17 09:01:49] [INFO ]   Unsorted Directory Base: ./unsorted
[2025-08-17 09:01:49] [INFO ]   Log File: ordr.fm.log
[2025-08-17 09:01:49] [INFO ]   Verbosity: DEBUG
[2025-08-17 09:01:49] [INFO ]   Mode: Dry Run
[2025-08-17 09:01:49] [INFO ]   Incremental Mode: Disabled
[2025-08-17 09:01:49] [INFO ]   Duplicate Detection: Disabled
[2025-08-17 09:01:49] [INFO ] All required dependencies are installed.
[2025-08-17 09:01:49] [INFO ]   Discogs Integration: Enabled
[2025-08-17 09:01:49] [DEBUG ] Discogs integration initialized. Cache: ./discogs_cache, Rate limiter: ./discogs_rate_limiter
[2025-08-17 09:01:50] [INFO ] (Dry Run) Would create unsorted directory: ./unsorted/unsorted_20250817_090149
[2025-08-17 09:01:50] [INFO ] Scanning for album directories in ....
[2025-08-17 09:01:54] [INFO ] Found 1 potential album directories. Processing...
[2025-08-17 09:01:54] [INFO ] Processing album directory: [2025-08-17 09:01:50] [INFO ] Scanning for album directories in ....
[2025-08-17 09:01:54] [DEBUG ] Extracting metadata from: [2025-08-17 09:01:50] [INFO ] Scanning for album directories in ....
[2025-08-17 09:01:54] [DEBUG ] Determined Album Quality: Unknown
[2025-08-17 09:01:54] [WARNING ] Missing essential metadata for: [2025-08-17 09:01:50] [INFO ] Scanning for album directories in ....
[2025-08-17 09:01:54] [WARNING ] Moving to unsorted due to missing metadata: [2025-08-17 09:01:50] [INFO ] Scanning for album directories in ....
[2025-08-17 09:02:11] [INFO ] Loading configuration from: ordr.fm.conf
[2025-08-17 09:02:11] [WARNING ] Waiting for lock file to be released: /tmp/ordr.fm.lock
[2025-08-17 09:02:16] [WARNING ] Waiting for lock file to be released: /tmp/ordr.fm.lock
[2025-08-17 09:02:21] [WARNING ] Waiting for lock file to be released: /tmp/ordr.fm.lock
[2025-08-17 09:02:26] [WARNING ] Waiting for lock file to be released: /tmp/ordr.fm.lock
[2025-08-17 09:02:31] [WARNING ] Waiting for lock file to be released: /tmp/ordr.fm.lock
[2025-08-17 09:02:36] [WARNING ] Waiting for lock file to be released: /tmp/ordr.fm.lock
[2025-08-17 09:02:41] [WARNING ] Waiting for lock file to be released: /tmp/ordr.fm.lock
[2025-08-17 09:02:46] [WARNING ] Waiting for lock file to be released: /tmp/ordr.fm.lock
[2025-08-17 09:02:51] [WARNING ] Waiting for lock file to be released: /tmp/ordr.fm.lock
[2025-08-17 09:02:56] [WARNING ] Waiting for lock file to be released: /tmp/ordr.fm.lock
[2025-08-17 09:03:01] [WARNING ] Waiting for lock file to be released: /tmp/ordr.fm.lock
[2025-08-17 09:03:06] [WARNING ] Waiting for lock file to be released: /tmp/ordr.fm.lock
[2025-08-17 09:03:11] [WARNING ] Waiting for lock file to be released: /tmp/ordr.fm.lock
[2025-08-17 09:03:16] [WARNING ] Waiting for lock file to be released: /tmp/ordr.fm.lock
[2025-08-17 09:03:21] [WARNING ] Waiting for lock file to be released: /tmp/ordr.fm.lock
[2025-08-17 09:03:26] [WARNING ] Waiting for lock file to be released: /tmp/ordr.fm.lock
[2025-08-17 09:03:31] [WARNING ] Waiting for lock file to be released: /tmp/ordr.fm.lock
[2025-08-17 09:03:36] [WARNING ] Waiting for lock file to be released: /tmp/ordr.fm.lock
[2025-08-17 09:03:41] [WARNING ] Waiting for lock file to be released: /tmp/ordr.fm.lock
[2025-08-17 09:03:46] [WARNING ] Waiting for lock file to be released: /tmp/ordr.fm.lock
[2025-08-17 09:03:51] [WARNING ] Waiting for lock file to be released: /tmp/ordr.fm.lock
[2025-08-17 09:03:56] [WARNING ] Waiting for lock file to be released: /tmp/ordr.fm.lock
[2025-08-17 09:04:01] [WARNING ] Waiting for lock file to be released: /tmp/ordr.fm.lock
[2025-08-17 09:04:06] [WARNING ] Waiting for lock file to be released: /tmp/ordr.fm.lock
[2025-08-17 09:04:11] [WARNING ] Waiting for lock file to be released: /tmp/ordr.fm.lock
